Mono path[0] = 'E:/SteamLibrary/steamapps/common/Valheim/valheim_Data/Managed'
Mono config path = 'E:/SteamLibrary/steamapps/common/Valheim/MonoBleedingEdge/etc'
[Physics::Module] Initialized MultithreadedJobDispatcher with 15 workers.
Initialize engine version: 2022.3.12f1 (4fe6e059c7ef)
[Subsystems] Discovering subsystems at path E:/SteamLibrary/steamapps/common/Valheim/valheim_Data/UnitySubsystems
GfxDevice: creating device client; threaded=1; jobified=0
Direct3D:
    Version:  Direct3D 11.0 [level 11.1]
    Renderer: NVIDIA GeForce RTX 3060 Laptop GPU (ID=0x2520)
    Vendor:   NVIDIA
    VRAM:     5996 MB
    Driver:   31.0.15.5123
Begin MonoManager ReloadAssembly
- Loaded All Assemblies, in  0.160 seconds
- Finished resetting the current domain, in  0.001 seconds
<RI> Initializing input.
New input system (experimental) initialized
Using Windows.Gaming.Input
<RI> Input initialized.
<RI> Initialized touch support.
UnloadTime: 0.682900 ms
02/04/2024 12:14:17: Fetching PlatformPrefs 'GuiScale' before loading defaults
02/04/2024 12:14:17: Fetching PlatformPrefs 'GuiScale' before loading defaults
Privilege Multiplayer is not known on this platform. Privilege therefore is granted without check...
Privilege UserGeneratedContent is not known on this platform. Privilege therefore is granted without check...
Privilege CrossPlay is not known on this platform. Privilege therefore is granted without check...
02/04/2024 12:14:17: Starting to load scene:start
Couldn't create a Convex Mesh from source mesh "default" within the maximum polygons limit (256). The partial hull will be used. Consider simplifying your mesh.
Couldn't create a Convex Mesh from source mesh "default" within the maximum polygons limit (256). The partial hull will be used. Consider simplifying your mesh.
Shader 'Lux Lit Particles/ Tess Bumped': fallback shader 'Lux Lit Particles/ Bumped Smoke' not found
Unloading 6 Unused Serialized files (Serialized files now loaded: 0)
Direct3D: detected that using refresh rate causes time drift. Will stop trusting refresh rate until the game window is moved.
Direct3D: detected that vsync is broken (it does not limit frame rate properly). Delta time will now be calculated using cpu-side time stampling until the game window is moved.
UnloadTime: 13.285700 ms
Only custom filters can be played. Please add a custom filter or an audioclip to the audiosource (Amb_MainMenu).
02/04/2024 12:14:23: Using environment steamid 892970
02/04/2024 12:14:23: Using steam APPID:892970
02/04/2024 12:14:23: Authentication:k_ESteamNetworkingAvailability_Attempting
02/04/2024 12:14:23: Steam initialized, persona:Zedfurios
02/04/2024 12:14:23: PlayFab custom ID set to "Steam_76561198197233318"
02/04/2024 12:14:23: Using default prefs
02/04/2024 12:14:23: Valheim version: 0.217.38 (network version 20)
Trying to set graphic mode to 'Performance'
Graphic mode 'Performance' applied!
02/04/2024 12:14:23: Worldgenerator version setup:2
02/04/2024 12:14:23: Render threading mode:MultiThreaded
02/04/2024 12:14:23: Set button "CamZoomIn" to None!
02/04/2024 12:14:23: Set button "CamZoomOut" to None!
02/04/2024 12:14:23: Set button "CamZoomIn" to None!
02/04/2024 12:14:23: Set button "CamZoomOut" to None!
02/04/2024 12:14:24: Loaded localization file #0 - 'localization' language: 'English'
02/04/2024 12:14:24: Loaded localization file #1 - 'localization_extra' language: 'English'
02/04/2024 12:14:24: Loaded localization file #2 - 'heightmap_message' language: 'English'
02/04/2024 12:14:24: Loaded localization file #3 - 'localization_hildir' language: 'English'
02/04/2024 12:14:24: Loaded localization file #4 - 'localization_emotes' language: 'English'
02/04/2024 12:14:24: Loaded localization file #0 - 'localization' language: 'English'
02/04/2024 12:14:24: Loaded localization file #1 - 'localization_extra' language: 'English'
02/04/2024 12:14:24: Loaded localization file #2 - 'heightmap_message' language: 'English'
02/04/2024 12:14:24: Loaded localization file #3 - 'localization_hildir' language: 'English'
02/04/2024 12:14:24: Loaded localization file #4 - 'localization_emotes' language: 'English'
02/04/2024 12:14:24: Missing audio clip in music respawn
02/04/2024 12:14:24: Checking for installed DLCs
02/04/2024 12:14:24: DLC:beta installed:False
02/04/2024 12:14:24: Builder started
02/04/2024 12:14:24: Sending PlayFab login request (attempt 1)
02/04/2024 12:14:24: Starting music menu
Unloading 61 unused Assets to reduce memory usage. Loaded Objects now: 156395.
Total: 52.025400 ms (FindLiveObjects: 8.476000 ms CreateObjectMapping: 11.031100 ms MarkObjects: 32.176600 ms  DeleteObjects: 0.341100 ms)

02/04/2024 12:14:26: PlayFab logged in as "Steam_76561198197233318"
02/04/2024 12:14:26: PlayFab local entity ID is F4DBC76C889F4EB9
02/04/2024 12:14:28: show character selection
02/04/2024 12:14:29: OnCharacterStart
02/04/2024 12:14:47: show character selection
02/04/2024 12:14:54: Button pressed Back  frame:5712
02/04/2024 12:14:55: Stopping build thread
Setting up 8 worker threads for Enlighten.
02/04/2024 12:14:55: Steam manager on destroy
Memory Statistics:
[ALLOC_TEMP_TLS] TLS Allocator
  StackAllocators : 
    [ALLOC_TEMP_MAIN]
      Peak usage frame count: [2.0 KB-4.0 KB]: 2273 frames, [16.0 KB-32.0 KB]: 2018 frames, [32.0 KB-64.0 KB]: 1536 frames, [0.5 MB-1.0 MB]: 2 frames, [4.0 MB-8.0 MB]: 2 frames
      Initial Block Size 4.0 MB
      Current Block Size 7.6 MB
      Peak Allocated Bytes 7.6 MB
      Overflow Count 31
    [ALLOC_TEMP_Background Job.worker 4]
      Initial Block Size 32.0 KB
      Current Block Size 32.0 KB
      Peak Allocated Bytes 54 B
      Overflow Count 0
    [ALLOC_TEMP_Loading.PreloadManager]
      Initial Block Size 256.0 KB
      Current Block Size 0.5 MB
      Peak Allocated Bytes 312.1 KB
      Overflow Count 56
    [ALLOC_TEMP_Background Job.worker 3]
      Initial Block Size 32.0 KB
      Current Block Size 32.0 KB
      Peak Allocated Bytes 54 B
      Overflow Count 0
    [ALLOC_TEMP_Background Job.worker 11]
      Initial Block Size 32.0 KB
      Current Block Size 32.0 KB
      Peak Allocated Bytes 54 B
      Overflow Count 0
    [ALLOC_TEMP_Background Job.worker 7]
      Initial Block Size 32.0 KB
      Current Block Size 32.0 KB
      Peak Allocated Bytes 54 B
      Overflow Count 0
    [ALLOC_TEMP_Background Job.worker 6]
      Initial Block Size 32.0 KB
      Current Block Size 32.0 KB
      Peak Allocated Bytes 54 B
      Overflow Count 0
    [ALLOC_TEMP_Job.worker 11]
      Initial Block Size 256.0 KB
      Current Block Size 256.0 KB
      Peak Allocated Bytes 324 B
      Overflow Count 0
    [ALLOC_TEMP_Background Job.worker 12]
      Initial Block Size 32.0 KB
      Current Block Size 32.0 KB
      Peak Allocated Bytes 54 B
      Overflow Count 0
    [ALLOC_TEMP_Background Job.worker 2]
      Initial Block Size 32.0 KB
      Current Block Size 32.0 KB
      Peak Allocated Bytes 54 B
      Overflow Count 0
    [ALLOC_TEMP_Background Job.worker 9]
      Initial Block Size 32.0 KB
      Current Block Size 32.0 KB
      Peak Allocated Bytes 54 B
      Overflow Count 0
    [ALLOC_TEMP_Job.worker 0]
      Initial Block Size 256.0 KB
      Current Block Size 256.0 KB
      Peak Allocated Bytes 324 B
      Overflow Count 0
    [ALLOC_TEMP_Job.worker 4]
      Initial Block Size 256.0 KB
      Current Block Size 256.0 KB
      Peak Allocated Bytes 4.9 KB
      Overflow Count 0
    [ALLOC_TEMP_Job.worker 5]
      Initial Block Size 256.0 KB
      Current Block Size 256.0 KB
      Peak Allocated Bytes 4.9 KB
      Overflow Count 0
    [ALLOC_TEMP_Background Job.worker 8]
      Initial Block Size 32.0 KB
      Current Block Size 32.0 KB
      Peak Allocated Bytes 54 B
      Overflow Count 0
    [ALLOC_TEMP_Background Job.worker 15]
      Initial Block Size 32.0 KB
      Current Block Size 32.0 KB
      Peak Allocated Bytes 54 B
      Overflow Count 0
    [ALLOC_TEMP_Job.worker 13]
      Initial Block Size 256.0 KB
      Current Block Size 256.0 KB
      Peak Allocated Bytes 324 B
      Overflow Count 0
    [ALLOC_TEMP_Job.worker 14]
      Initial Block Size 256.0 KB
      Current Block Size 256.0 KB
      Peak Allocated Bytes 192 B
      Overflow Count 0
    [ALLOC_TEMP_EnlightenWorker] x 8
      Initial Block Size 64.0 KB
      Current Block Size 64.0 KB
      Peak Allocated Bytes 54 B
      Overflow Count 0
    [ALLOC_TEMP_Job.worker 1]
      Initial Block Size 256.0 KB
      Current Block Size 256.0 KB
      Peak Allocated Bytes 32.3 KB
      Overflow Count 0
    [ALLOC_TEMP_Background Job.worker 1]
      Initial Block Size 32.0 KB
      Current Block Size 32.0 KB
      Peak Allocated Bytes 2.6 KB
      Overflow Count 0
    [ALLOC_TEMP_Job.worker 3]
      Initial Block Size 256.0 KB
      Current Block Size 256.0 KB
      Peak Allocated Bytes 12.6 KB
      Overflow Count 0
    [ALLOC_TEMP_Background Job.worker 5]
      Initial Block Size 32.0 KB
      Current Block Size 32.0 KB
      Peak Allocated Bytes 54 B
      Overflow Count 0
    [ALLOC_TEMP_Background Job.worker 13]
      Initial Block Size 32.0 KB
      Current Block Size 32.0 KB
      Peak Allocated Bytes 54 B
      Overflow Count 0
    [ALLOC_TEMP_UnityGfxDeviceWorker]
      Initial Block Size 256.0 KB
      Current Block Size 256.0 KB
      Peak Allocated Bytes 50.9 KB
      Overflow Count 0
    [ALLOC_TEMP_AssetGarbageCollectorHelper] x 15
      Initial Block Size 64.0 KB
      Current Block Size 64.0 KB
      Peak Allocated Bytes 138 B
      Overflow Count 0
    [ALLOC_TEMP_Job.worker 12]
      Initial Block Size 256.0 KB
      Current Block Size 256.0 KB
      Peak Allocated Bytes 324 B
      Overflow Count 0
    [ALLOC_TEMP_Background Job.worker 10]
      Initial Block Size 32.0 KB
      Current Block Size 32.0 KB
      Peak Allocated Bytes 54 B
      Overflow Count 0
    [ALLOC_TEMP_Job.worker 2]
      Initial Block Size 256.0 KB
      Current Block Size 256.0 KB
      Peak Allocated Bytes 32.3 KB
      Overflow Count 0
    [ALLOC_TEMP_Job.worker 10]
      Initial Block Size 256.0 KB
      Current Block Size 256.0 KB
      Peak Allocated Bytes 1.5 KB
      Overflow Count 0
    [ALLOC_TEMP_Job.worker 7]
      Initial Block Size 256.0 KB
      Current Block Size 256.0 KB
      Peak Allocated Bytes 9.5 KB
      Overflow Count 0
    [ALLOC_TEMP_Job.worker 9]
      Initial Block Size 256.0 KB
      Current Block Size 256.0 KB
      Peak Allocated Bytes 324 B
      Overflow Count 0
    [ALLOC_TEMP_Background Job.worker 0]
      Initial Block Size 32.0 KB
      Current Block Size 32.0 KB
      Peak Allocated Bytes 54 B
      Overflow Count 0
    [ALLOC_TEMP_Job.worker 6]
      Initial Block Size 256.0 KB
      Current Block Size 256.0 KB
      Peak Allocated Bytes 324 B
      Overflow Count 0
    [ALLOC_TEMP_Job.worker 8]
      Initial Block Size 256.0 KB
      Current Block Size 256.0 KB
      Peak Allocated Bytes 324 B
      Overflow Count 0
    [ALLOC_TEMP_HIDInput]
      Initial Block Size 64.0 KB
      Current Block Size 64.0 KB
      Peak Allocated Bytes 10.8 KB
      Overflow Count 0
    [ALLOC_TEMP_Background Job.worker 14]
      Initial Block Size 32.0 KB
      Current Block Size 32.0 KB
      Peak Allocated Bytes 54 B
      Overflow Count 0
    [ALLOC_TEMP_Loading.AsyncRead]
      Initial Block Size 64.0 KB
      Current Block Size 64.0 KB
      Peak Allocated Bytes 255 B
      Overflow Count 0
    [ALLOC_TEMP_BatchDeleteObjects]
      Initial Block Size 64.0 KB
      Current Block Size 64.0 KB
      Peak Allocated Bytes 54 B
      Overflow Count 0
[ALLOC_DEFAULT] Dual Thread Allocator
  Peak main deferred allocation count 4452
    [ALLOC_BUCKET]
      Large Block size 4.0 MB
      Used Block count 1
      Peak Allocated bytes 4.0 MB
      Failed Allocations. Bucket layout:
        16B: 3 Subsections = 3072 buckets. Failed count: 211468
        32B: 15 Subsections = 7680 buckets. Failed count: 133151
        48B: 148 Subsections = 50517 buckets. Failed count: 333177
        64B: 53 Subsections = 13568 buckets. Failed count: 97852
        80B: 25 Subsections = 5120 buckets. Failed count: 25221
        96B: 5 Subsections = 853 buckets. Failed count: 21400
        112B: 3 Subsections = 438 buckets. Failed count: 20946
        128B: 4 Subsections = 512 buckets. Failed count: 72967
    [ALLOC_DEFAULT_MAIN]
      Peak usage frame count: [32.0 MB-64.0 MB]: 5830 frames, [64.0 MB-128.0 MB]: 1 frames
      Requested Block Size 16.0 MB
      Peak Block count 6
      Peak Allocated memory 115.0 MB
      Peak Large allocation bytes 44.0 MB
    [ALLOC_DEFAULT_THREAD]
      Peak usage frame count: [256.0 MB-0.50 GB]: 5831 frames
      Requested Block Size 16.0 MB
      Peak Block count 14
      Peak Allocated memory 297.1 MB
      Peak Large allocation bytes 91.3 MB
[ALLOC_TEMP_JOB_1_FRAME]
  Initial Block Size 2.0 MB
  Used Block Count 0
  Overflow Count (too large) 0
  Overflow Count (full) 0
[ALLOC_TEMP_JOB_2_FRAMES]
  Initial Block Size 2.0 MB
  Used Block Count 0
  Overflow Count (too large) 0
  Overflow Count (full) 0
[ALLOC_TEMP_JOB_4_FRAMES (JobTemp)]
  Initial Block Size 2.0 MB
  Used Block Count 1
  Overflow Count (too large) 0
  Overflow Count (full) 0
[ALLOC_TEMP_JOB_ASYNC (Background)]
  Initial Block Size 1.0 MB
  Used Block Count 1
  Overflow Count (too large) 0
  Overflow Count (full) 0
[ALLOC_GFX] Dual Thread Allocator
  Peak main deferred allocation count 9
    [ALLOC_BUCKET]
      Large Block size 4.0 MB
      Used Block count 1
      Peak Allocated bytes 4.0 MB
      Failed Allocations. Bucket layout:
        16B: 3 Subsections = 3072 buckets. Failed count: 211468
        32B: 15 Subsections = 7680 buckets. Failed count: 133151
        48B: 148 Subsections = 50517 buckets. Failed count: 333177
        64B: 53 Subsections = 13568 buckets. Failed count: 97852
        80B: 25 Subsections = 5120 buckets. Failed count: 25221
        96B: 5 Subsections = 853 buckets. Failed count: 21400
        112B: 3 Subsections = 438 buckets. Failed count: 20946
        128B: 4 Subsections = 512 buckets. Failed count: 72967
    [ALLOC_GFX_MAIN]
      Peak usage frame count: [4.0 MB-8.0 MB]: 2275 frames, [8.0 MB-16.0 MB]: 3556 frames
      Requested Block Size 16.0 MB
      Peak Block count 1
      Peak Allocated memory 11.2 MB
      Peak Large allocation bytes 0 B
    [ALLOC_GFX_THREAD]
      Peak usage frame count: [64.0 MB-128.0 MB]: 5831 frames
      Requested Block Size 16.0 MB
      Peak Block count 5
      Peak Allocated memory 79.1 MB
      Peak Large allocation bytes 0 B
[ALLOC_CACHEOBJECTS] Dual Thread Allocator
  Peak main deferred allocation count 34
    [ALLOC_BUCKET]
      Large Block size 4.0 MB
      Used Block count 1
      Peak Allocated bytes 4.0 MB
      Failed Allocations. Bucket layout:
        16B: 3 Subsections = 3072 buckets. Failed count: 211468
        32B: 15 Subsections = 7680 buckets. Failed count: 133151
        48B: 148 Subsections = 50517 buckets. Failed count: 333177
        64B: 53 Subsections = 13568 buckets. Failed count: 97852
        80B: 25 Subsections = 5120 buckets. Failed count: 25221
        96B: 5 Subsections = 853 buckets. Failed count: 21400
        112B: 3 Subsections = 438 buckets. Failed count: 20946
        128B: 4 Subsections = 512 buckets. Failed count: 72967
    [ALLOC_CACHEOBJECTS_MAIN]
      Peak usage frame count: [4.0 MB-8.0 MB]: 2275 frames, [16.0 MB-32.0 MB]: 3556 frames
      Requested Block Size 4.0 MB
      Peak Block count 6
      Peak Allocated memory 25.9 MB
      Peak Large allocation bytes 7.0 MB
    [ALLOC_CACHEOBJECTS_THREAD]
      Peak usage frame count: [256.0 MB-0.50 GB]: 5831 frames
      Requested Block Size 4.0 MB
      Peak Block count 65
      Peak Allocated memory 327.1 MB
      Peak Large allocation bytes 87.9 MB
[ALLOC_TYPETREE] Dual Thread Allocator
  Peak main deferred allocation count 2
    [ALLOC_BUCKET]
      Large Block size 4.0 MB
      Used Block count 1
      Peak Allocated bytes 4.0 MB
      Failed Allocations. Bucket layout:
        16B: 3 Subsections = 3072 buckets. Failed count: 211468
        32B: 15 Subsections = 7680 buckets. Failed count: 133151
        48B: 148 Subsections = 50517 buckets. Failed count: 333177
        64B: 53 Subsections = 13568 buckets. Failed count: 97852
        80B: 25 Subsections = 5120 buckets. Failed count: 25221
        96B: 5 Subsections = 853 buckets. Failed count: 21400
        112B: 3 Subsections = 438 buckets. Failed count: 20946
        128B: 4 Subsections = 512 buckets. Failed count: 72967
    [ALLOC_TYPETREE_MAIN]
      Peak usage frame count: [0-1.0 KB]: 2274 frames, [4.0 KB-8.0 KB]: 1 frames, [16.0 KB-32.0 KB]: 3556 frames
      Requested Block Size 2.0 MB
      Peak Block count 1
      Peak Allocated memory 26.3 KB
      Peak Large allocation bytes 0 B
    [ALLOC_TYPETREE_THREAD]
      Peak usage frame count: [64.0 KB-128.0 KB]: 5831 frames
      Requested Block Size 2.0 MB
      Peak Block count 1
      Peak Allocated memory 120.4 KB
      Peak Large allocation bytes 0 B
